#
# There is insufficient memory for the Java Runtime Environment to continue.
# Native memory allocation (malloc) failed to allocate 1178896 bytes. Error detail: Chunk::new
# Possible reasons:
#   The system is out of physical RAM or swap space
#   This process is running with CompressedOops enabled, and the Java Heap may be blocking the growth of the native heap
# Possible solutions:
#   Reduce memory load on the system
#   Increase physical memory or swap space
#   Check if swap backing store is full
#   Decrease Java heap size (-Xmx/-Xms)
#   Decrease number of Java threads
#   Decrease Java thread stack sizes (-Xss)
#   Set larger code cache with -XX:ReservedCodeCacheSize=
#   JVM is running with Unscaled Compressed Oops mode in which the Java heap is
#     placed in the first 4GB address space. The Java Heap base address is the
#     maximum limit for the native heap growth. Please use -XX:HeapBaseMinAddress
#     to set the Java Heap base and to place the Java Heap above 4GB virtual address.
# This output file may be truncated or incomplete.
#
#  Out of Memory Error (arena.cpp:168), pid=11488, tid=11252
#
# JRE version: OpenJDK Runtime Environment Temurin-21.0.7+6 (21.0.7+6) (build 21.0.7+6-LTS)
# Java VM: OpenJDK 64-Bit Server VM Temurin-21.0.7+6 (21.0.7+6-LTS, mixed mode, sharing, tiered, compressed oops, compressed class ptrs, parallel gc, windows-amd64)
# No core dump will be written. Minidumps are not enabled by default on client versions of Windows
#

---------------  S U M M A R Y ------------

Command Line: --add-modules=ALL-SYSTEM --add-opens=java.base/java.util=ALL-UNNAMED --add-opens=java.base/java.lang=ALL-UNNAMED --add-opens=java.base/sun.nio.fs=ALL-UNNAMED -Declipse.application=org.eclipse.jdt.ls.core.id1 -Dosgi.bundles.defaultStartLevel=4 -Declipse.product=org.eclipse.jdt.ls.core.product -Djava.import.generatesMetadataFilesAtProjectRoot=false -DDetectVMInstallationsJob.disabled=true -Dfile.encoding=utf8 -XX:+UseParallelGC -XX:GCTimeRatio=4 -XX:AdaptiveSizePolicyWeight=90 -Dsun.zip.disableMemoryMapping=true -Xmx1G -Xms100m -Xlog:disable -javaagent:c:\Users\david\.vscode\extensions\redhat.java-1.42.0-win32-x64\lombok\lombok-1.18.36.jar -XX:+HeapDumpOnOutOfMemoryError -XX:HeapDumpPath=c:\Users\david\AppData\Roaming\Code\User\workspaceStorage\afd104c50afc7b92ffa65fa90c2ab72f\redhat.java -Daether.dependencyCollector.impl=bf c:\Users\david\.vscode\extensions\redhat.java-1.42.0-win32-x64\server\plugins\org.eclipse.equinox.launcher_1.7.0.v20250424-1814.jar -configuration c:\Users\david\AppData\Roaming\Code\User\globalStorage\redhat.java\1.42.0\config_win -data c:\Users\david\AppData\Roaming\Code\User\workspaceStorage\afd104c50afc7b92ffa65fa90c2ab72f\redhat.java\jdt_ws --pipe=\\.\pipe\lsp-1465363f503518743449a979aa770836-sock

Host: Intel(R) Core(TM) i3-1005G1 CPU @ 1.20GHz, 4 cores, 3G,  Windows 11 , 64 bit Build 22621 (10.0.22621.5262)
Time: Mon Jun  2 01:23:20 2025 Hora est. Sudamérica Pacífico elapsed time: 75.957492 seconds (0d 0h 1m 15s)

---------------  T H R E A D  ---------------

Current thread (0x0000025f7e853830):  JavaThread "C2 CompilerThread0" daemon [_thread_in_native, id=11252, stack(0x000000c7aeb00000,0x000000c7aec00000) (1024K)]


Current CompileTask:
C2:75957 12092       4       org.eclipse.jdt.internal.compiler.parser.Parser::consumeRule (7748 bytes)

Stack: [0x000000c7aeb00000,0x000000c7aec00000]
Native frames: (J=compiled Java code, j=interpreted, Vv=VM code, C=native code)
V  [jvm.dll+0x6ce119]
V  [jvm.dll+0x8a84a1]
V  [jvm.dll+0x8aa9ce]
V  [jvm.dll+0x8ab0b3]
V  [jvm.dll+0x27f8a6]
V  [jvm.dll+0xc507d]
V  [jvm.dll+0xc55b3]
V  [jvm.dll+0x3b68f2]
V  [jvm.dll+0x382aa5]
V  [jvm.dll+0x381f0a]
V  [jvm.dll+0x247af0]
V  [jvm.dll+0x2470cf]
V  [jvm.dll+0x1c760e]
V  [jvm.dll+0x25695a]
V  [jvm.dll+0x254efa]
V  [jvm.dll+0x3f03f6]
V  [jvm.dll+0x851f6b]
V  [jvm.dll+0x6cc7dd]
C  [ucrtbase.dll+0x29333]
C  [KERNEL32.DLL+0x1259d]
C  [ntdll.dll+0x5af58]


---------------  P R O C E S S  ---------------

Threads class SMR info:
_java_thread_list=0x0000025f54a01a10, length=43, elements={
0x0000025f7951a300, 0x0000025f7e848e20, 0x0000025f7e84aba0, 0x0000025f7e84bba0,
0x0000025f7e84cba0, 0x0000025f7e84ebb0, 0x0000025f7e850900, 0x0000025f7e853830,
0x0000025f7e8c6320, 0x0000025f7f6174b0, 0x0000025f7f857720, 0x0000025f54225e40,
0x0000025f544bc480, 0x0000025f547abca0, 0x0000025f544de710, 0x0000025f54a2d320,
0x0000025f54a1aff0, 0x0000025f544226a0, 0x0000025f5441ff40, 0x0000025f54421980,
0x0000025f5441f220, 0x0000025f544205d0, 0x0000025f5441f8b0, 0x0000025f54420c60,
0x0000025f544212f0, 0x0000025f54422010, 0x0000025f55e49070, 0x0000025f55e47630,
0x0000025f55e43b20, 0x0000025f55e45560, 0x0000025f55e42e00, 0x0000025f55e47cc0,
0x0000025f55e44840, 0x0000025f55e48350, 0x0000025f55e489e0, 0x0000025f55e49700,
0x0000025f55e49d90, 0x0000025f55e4a420, 0x0000025f55e43490, 0x0000025f55e441b0,
0x0000025f55e45bf0, 0x0000025f55e46280, 0x0000025f55e46910
}

Java Threads: ( => current thread )
  0x0000025f7951a300 JavaThread "main"                              [_thread_blocked, id=5928, stack(0x000000c7ae100000,0x000000c7ae200000) (1024K)]
  0x0000025f7e848e20 JavaThread "Reference Handler"          daemon [_thread_blocked, id=8088, stack(0x000000c7ae500000,0x000000c7ae600000) (1024K)]
  0x0000025f7e84aba0 JavaThread "Finalizer"                  daemon [_thread_blocked, id=10004, stack(0x000000c7ae600000,0x000000c7ae700000) (1024K)]
  0x0000025f7e84bba0 JavaThread "Signal Dispatcher"          daemon [_thread_blocked, id=6848, stack(0x000000c7ae700000,0x000000c7ae800000) (1024K)]
  0x0000025f7e84cba0 JavaThread "Attach Listener"            daemon [_thread_blocked, id=15628, stack(0x000000c7ae800000,0x000000c7ae900000) (1024K)]
  0x0000025f7e84ebb0 JavaThread "Service Thread"             daemon [_thread_blocked, id=8860, stack(0x000000c7ae900000,0x000000c7aea00000) (1024K)]
  0x0000025f7e850900 JavaThread "Monitor Deflation Thread"   daemon [_thread_blocked, id=11784, stack(0x000000c7aea00000,0x000000c7aeb00000) (1024K)]
=>0x0000025f7e853830 JavaThread "C2 CompilerThread0"         daemon [_thread_in_native, id=11252, stack(0x000000c7aeb00000,0x000000c7aec00000) (1024K)]
  0x0000025f7e8c6320 JavaThread "C1 CompilerThread0"         daemon [_thread_blocked, id=13840, stack(0x000000c7aec00000,0x000000c7aed00000) (1024K)]
  0x0000025f7f6174b0 JavaThread "Common-Cleaner"             daemon [_thread_blocked, id=14888, stack(0x000000c7aed00000,0x000000c7aee00000) (1024K)]
  0x0000025f7f857720 JavaThread "Notification Thread"        daemon [_thread_blocked, id=8952, stack(0x000000c7aee00000,0x000000c7aef00000) (1024K)]
  0x0000025f54225e40 JavaThread "Active Thread: Equinox Container: d5510aff-0c71-44b0-becd-626d3ed2419a"        [_thread_blocked, id=11016, stack(0x000000c7af200000,0x000000c7af300000) (1024K)]
  0x0000025f544bc480 JavaThread "Refresh Thread: Equinox Container: d5510aff-0c71-44b0-becd-626d3ed2419a" daemon [_thread_blocked, id=11920, stack(0x000000c7af300000,0x000000c7af400000) (1024K)]
  0x0000025f547abca0 JavaThread "Framework Event Dispatcher: Equinox Container: d5510aff-0c71-44b0-becd-626d3ed2419a" daemon [_thread_blocked, id=6636, stack(0x000000c7af400000,0x000000c7af500000) (1024K)]
  0x0000025f544de710 JavaThread "Start Level: Equinox Container: d5510aff-0c71-44b0-becd-626d3ed2419a" daemon [_thread_blocked, id=16972, stack(0x000000c7af500000,0x000000c7af600000) (1024K)]
  0x0000025f54a2d320 JavaThread "Bundle File Closer"         daemon [_thread_blocked, id=12112, stack(0x000000c7af600000,0x000000c7af700000) (1024K)]
  0x0000025f54a1aff0 JavaThread "SCR Component Actor"        daemon [_thread_blocked, id=1648, stack(0x000000c7af700000,0x000000c7af800000) (1024K)]
  0x0000025f544226a0 JavaThread "Worker-JM"                         [_thread_blocked, id=12568, stack(0x000000c7af900000,0x000000c7afa00000) (1024K)]
  0x0000025f5441ff40 JavaThread "JNA Cleaner"                daemon [_thread_blocked, id=7592, stack(0x000000c7afa00000,0x000000c7afb00000) (1024K)]
  0x0000025f54421980 JavaThread "Worker-0: Java indexing... "        [_thread_blocked, id=14704, stack(0x000000c7afb00000,0x000000c7afc00000) (1024K)]
  0x0000025f5441f220 JavaThread "Worker-1: Initialize Workspace"        [_thread_blocked, id=14140, stack(0x000000c7afc00000,0x000000c7afd00000) (1024K)]
  0x0000025f544205d0 JavaThread "Java indexing"              daemon [_thread_blocked, id=5864, stack(0x000000c7afd00000,0x000000c7afe00000) (1024K)]
  0x0000025f5441f8b0 JavaThread "Worker-2"                          [_thread_blocked, id=9880, stack(0x000000c7afe00000,0x000000c7aff00000) (1024K)]
  0x0000025f54420c60 JavaThread "Worker-3"                          [_thread_blocked, id=14976, stack(0x000000c7aff00000,0x000000c7b0000000) (1024K)]
  0x0000025f544212f0 JavaThread "Worker-4"                          [_thread_blocked, id=10568, stack(0x000000c7b0000000,0x000000c7b0100000) (1024K)]
  0x0000025f54422010 JavaThread "Thread-2"                   daemon [_thread_in_native, id=13624, stack(0x000000c7b0100000,0x000000c7b0200000) (1024K)]
  0x0000025f55e49070 JavaThread "Thread-3"                   daemon [_thread_in_native, id=3492, stack(0x000000c7b0200000,0x000000c7b0300000) (1024K)]
  0x0000025f55e47630 JavaThread "Thread-4"                   daemon [_thread_in_native, id=4300, stack(0x000000c7b0300000,0x000000c7b0400000) (1024K)]
  0x0000025f55e43b20 JavaThread "Thread-5"                   daemon [_thread_in_native, id=10904, stack(0x000000c7b0400000,0x000000c7b0500000) (1024K)]
  0x0000025f55e45560 JavaThread "Thread-6"                   daemon [_thread_in_native, id=15292, stack(0x000000c7b0500000,0x000000c7b0600000) (1024K)]
  0x0000025f55e42e00 JavaThread "pool-2-thread-1"                   [_thread_blocked, id=4324, stack(0x000000c7b0600000,0x000000c7b0700000) (1024K)]
  0x0000025f55e47cc0 JavaThread "WorkspaceEventsHandler"            [_thread_blocked, id=16520, stack(0x000000c7b0700000,0x000000c7b0800000) (1024K)]
  0x0000025f55e44840 JavaThread "pool-1-thread-1"                   [_thread_blocked, id=13392, stack(0x000000c7b0800000,0x000000c7b0900000) (1024K)]
  0x0000025f55e48350 JavaThread "Worker-5: Initialize workspace"        [_thread_blocked, id=9368, stack(0x000000c7b0900000,0x000000c7b0a00000) (1024K)]
  0x0000025f55e489e0 JavaThread "LocalFile Deleter"          daemon [_thread_blocked, id=9736, stack(0x000000c7af800000,0x000000c7af900000) (1024K)]
  0x0000025f55e49700 JavaThread "LocalFile Deleter"          daemon [_thread_blocked, id=9328, stack(0x000000c7b0a00000,0x000000c7b0b00000) (1024K)]
  0x0000025f55e49d90 JavaThread "LocalFile Deleter"          daemon [_thread_blocked, id=15224, stack(0x000000c7b0b00000,0x000000c7b0c00000) (1024K)]
  0x0000025f55e4a420 JavaThread "LocalFile Deleter"          daemon [_thread_blocked, id=10928, stack(0x000000c7b0c00000,0x000000c7b0d00000) (1024K)]
  0x0000025f55e43490 JavaThread "Compiler Source File Reader" daemon [_thread_blocked, id=3636, stack(0x000000c7b0d00000,0x000000c7b0e00000) (1024K)]
  0x0000025f55e441b0 JavaThread "Compiler Source File Reader" daemon [_thread_blocked, id=5844, stack(0x000000c7b0e00000,0x000000c7b0f00000) (1024K)]
  0x0000025f55e45bf0 JavaThread "Compiler Processing Task"   daemon [_thread_blocked, id=7096, stack(0x000000c7b0f00000,0x000000c7b1000000) (1024K)]
  0x0000025f55e46280 JavaThread "Compiler Class File Writer" daemon [_thread_blocked, id=11008, stack(0x000000c7b1000000,0x000000c7b1100000) (1024K)]
  0x0000025f55e46910 JavaThread "Compiler Class File Writer" daemon [_thread_blocked, id=7312, stack(0x000000c7b1200000,0x000000c7b1300000) (1024K)]
Total: 43

Other Threads:
  0x0000025f795dc2c0 VMThread "VM Thread"                           [id=6916, stack(0x000000c7ae400000,0x000000c7ae500000) (1024K)]
  0x0000025f79585ee0 WatcherThread "VM Periodic Task Thread"        [id=5264, stack(0x000000c7ae300000,0x000000c7ae400000) (1024K)]
  0x0000025f79539820 WorkerThread "GC Thread#0"                     [id=2180, stack(0x000000c7ae200000,0x000000c7ae300000) (1024K)]
  0x0000025f54237570 WorkerThread "GC Thread#1"                     [id=3808, stack(0x000000c7aef00000,0x000000c7af000000) (1024K)]
  0x0000025f54237910 WorkerThread "GC Thread#2"                     [id=4064, stack(0x000000c7af000000,0x000000c7af100000) (1024K)]
  0x0000025f54536c30 WorkerThread "GC Thread#3"                     [id=16472, stack(0x000000c7af100000,0x000000c7af200000) (1024K)]
Total: 6

Threads with active compile tasks:
C2 CompilerThread0  76138 12092       4       org.eclipse.jdt.internal.compiler.parser.Parser::consumeRule (7748 bytes)
Total: 1

VM state: at safepoint (normal execution)

VM Mutex/Monitor currently owned by a thread:  ([mutex/lock_event])
[0x00007ffcbc71e308] Threads_lock - owner thread: 0x0000025f795dc2c0
[0x00007ffcbc71e408] Heap_lock - owner thread: 0x0000025f544205d0

Heap address: 0x00000000c0000000, size: 1024 MB, Compressed Oops mode: 32-bit

CDS archive(s) mapped at: [0x0000025f0f000000-0x0000025f0fba0000-0x0000025f0fba0000), size 12189696, SharedBaseAddress: 0x0000025f0f000000, ArchiveRelocationMode: 1.
Compressed class space mapped at: 0x0000025f10000000-0x0000025f50000000, reserved size: 1073741824
Narrow klass base: 0x0000025f0f000000, Narrow klass shift: 0, Narrow klass range: 0x100000000

GC Precious Log:
 CardTable entry size: 512
 CPUs: 4 total, 4 available
 Memory: 3891M
 Large Page Support: Disabled
 NUMA Support: Disabled
 Compressed Oops: Enabled (32-bit)
 Alignments: Space 512K, Generation 512K, Heap 2M
 Heap Min Capacity: 100M
 Heap Initial Capacity: 100M
 Heap Max Capacity: 1G
 Pre-touch: Disabled
 Parallel Workers: 4

Heap:
 PSYoungGen      total 4096K, used 3882K [0x00000000eab00000, 0x00000000eb000000, 0x0000000100000000)
  eden space 3072K, 100% used [0x00000000eab00000,0x00000000eae00000,0x00000000eae00000)
  from space 1024K, 79% used [0x00000000eae00000,0x00000000eaeca988,0x00000000eaf00000)
  to   space 1024K, 71% used [0x00000000eaf00000,0x00000000eafb6058,0x00000000eb000000)
 ParOldGen       total 230912K, used 230561K [0x00000000c0000000, 0x00000000ce180000, 0x00000000eab00000)
  object space 230912K, 99% used [0x00000000c0000000,0x00000000ce128720,0x00000000ce180000)
 Metaspace       used 63663K, committed 65088K, reserved 1114112K
  class space    used 6509K, committed 7168K, reserved 1048576K

Card table byte_map: [0x0000025f78ec0000,0x0000025f790d0000] _byte_map_base: 0x0000025f788c0000

Marking Bits: (ParMarkBitMap*) 0x00007ffcbc7231f0
 Begin Bits: [0x0000025f7c710000, 0x0000025f7d710000)
 End Bits:   [0x0000025f7d710000, 0x0000025f7e710000)

Polling page: 0x0000025f772e0000

Metaspace:

Usage:
  Non-class:     55.81 MB used.
      Class:      6.36 MB used.
       Both:     62.17 MB used.

Virtual space:
  Non-class space:       64.00 MB reserved,      56.56 MB ( 88%) committed,  1 nodes.
      Class space:        1.00 GB reserved,       7.00 MB ( <1%) committed,  1 nodes.
             Both:        1.06 GB reserved,      63.56 MB (  6%) committed. 

Chunk freelists:
   Non-Class:  7.44 MB
       Class:  9.05 MB
        Both:  16.48 MB

MaxMetaspaceSize: unlimited
CompressedClassSpaceSize: 1.00 GB
Initial GC threshold: 21.00 MB
Current GC threshold: 97.31 MB
CDS: on
 - commit_granule_bytes: 65536.
 - commit_granule_words: 8192.
 - virtual_space_node_default_size: 8388608.
 - enlarge_chunks_in_place: 1.
 - use_allocation_guard: 0.


Internal statistics:

num_allocs_failed_limit: 9.
num_arena_births: 1226.
num_arena_deaths: 14.
num_vsnodes_births: 2.
num_vsnodes_deaths: 0.
num_space_committed: 1017.
num_space_uncommitted: 0.
num_chunks_returned_to_freelist: 23.
num_chunks_taken_from_freelist: 4116.
num_chunk_merges: 12.
num_chunk_splits: 2585.
num_chunks_enlarged: 1568.
num_inconsistent_stats: 0.

CodeHeap 'non-profiled nmethods': size=120000Kb used=8065Kb max_used=8065Kb free=111934Kb
 bounds [0x0000025f07ad0000, 0x0000025f082c0000, 0x0000025f0f000000]
CodeHeap 'profiled nmethods': size=120000Kb used=25792Kb max_used=25792Kb free=94207Kb
 bounds [0x0000025f00000000, 0x0000025f01940000, 0x0000025f07530000]
CodeHeap 'non-nmethods': size=5760Kb used=1434Kb max_used=1492Kb free=4325Kb
 bounds [0x0000025f07530000, 0x0000025f077a0000, 0x0000025f07ad0000]
 total_blobs=12089 nmethods=11348 adapters=647
 compilation: enabled
              stopped_count=0, restarted_count=0
 full_count=0

Compilation events (20 events):
Event: 75.504 Thread 0x0000025f7e853830 nmethod 12086 0x0000025f0829f690 code [0x0000025f0829f900, 0x0000025f082a07e0]
Event: 75.590 Thread 0x0000025f7e8c6320 12087       3       org.eclipse.jdt.internal.compiler.parser.Parser::consumeToken (2264 bytes)
Event: 75.591 Thread 0x0000025f7e853830 12088       4       org.eclipse.jdt.internal.compiler.parser.Parser::consumeRule (7748 bytes)
Event: 75.625 Thread 0x0000025f7e8c6320 nmethod 12087 0x0000025f01921190 code [0x0000025f01921fa0, 0x0000025f0192ac38]
Event: 75.840 Thread 0x0000025f7e853830 nmethod 12088 0x0000025f082a1290 code [0x0000025f082a47e0, 0x0000025f082aaa70]
Event: 75.841 Thread 0x0000025f7e853830 12089       4       sun.nio.fs.WindowsPath::equals (28 bytes)
Event: 75.849 Thread 0x0000025f7e853830 nmethod 12089 0x0000025f082af190 code [0x0000025f082af380, 0x0000025f082af920]
Event: 75.855 Thread 0x0000025f7e853830 12090       4       org.eclipse.jdt.internal.compiler.parser.Parser::tAction (35 bytes)
Event: 75.857 Thread 0x0000025f7e853830 nmethod 12090 0x0000025f082afe10 code [0x0000025f082affa0, 0x0000025f082b0108]
Event: 75.859 Thread 0x0000025f7e853830 12091   !   4       org.eclipse.jdt.internal.compiler.parser.Scanner::$SWITCH_TABLE$org$eclipse$jdt$internal$compiler$parser$TerminalToken (2080 bytes)
Event: 75.859 Thread 0x0000025f7e8c6320 12094       3       org.eclipse.jdt.internal.compiler.parser.Parser::consumeExpression (86 bytes)
Event: 75.859 Thread 0x0000025f7e8c6320 nmethod 12094 0x0000025f0192c990 code [0x0000025f0192cb80, 0x0000025f0192d090]
Event: 75.862 Thread 0x0000025f7e853830 nmethod 12091 0x0000025f082b0290 code [0x0000025f082b0420, 0x0000025f082b04b8]
Event: 75.862 Thread 0x0000025f7e853830 12092       4       org.eclipse.jdt.internal.compiler.parser.Parser::consumeRule (7748 bytes)
Event: 75.877 Thread 0x0000025f7e8c6320 12096       3       lombok.eclipse.EclipseAST::buildArguments (56 bytes)
Event: 75.878 Thread 0x0000025f7e8c6320 nmethod 12096 0x0000025f0192d290 code [0x0000025f0192d4c0, 0x0000025f0192ddb8]
Event: 75.878 Thread 0x0000025f7e8c6320 12097       3       lombok.eclipse.EclipseAST::buildStatements (53 bytes)
Event: 75.881 Thread 0x0000025f7e8c6320 nmethod 12097 0x0000025f0192e190 code [0x0000025f0192e3c0, 0x0000025f0192eca8]
Event: 75.893 Thread 0x0000025f7e8c6320 12098       3       lombok.core.AST::buildWithArray (134 bytes)
Event: 75.894 Thread 0x0000025f7e8c6320 nmethod 12098 0x0000025f0192f090 code [0x0000025f0192f300, 0x0000025f0192fe28]

GC Heap History (20 events):
Event: 75.534 GC heap before
{Heap before GC invocations=285 (full 3):
 PSYoungGen      total 4096K, used 3697K [0x00000000eab00000, 0x00000000eb000000, 0x0000000100000000)
  eden space 3072K, 100% used [0x00000000eab00000,0x00000000eae00000,0x00000000eae00000)
  from space 1024K, 61% used [0x00000000eae00000,0x00000000eae9c790,0x00000000eaf00000)
  to   space 1024K, 0% used [0x00000000eaf00000,0x00000000eaf00000,0x00000000eb000000)
 ParOldGen       total 221696K, used 221206K [0x00000000c0000000, 0x00000000cd880000, 0x00000000eab00000)
  object space 221696K, 99% used [0x00000000c0000000,0x00000000cd8058b8,0x00000000cd880000)
 Metaspace       used 63648K, committed 65088K, reserved 1114112K
  class space    used 6507K, committed 7168K, reserved 1048576K
}
Event: 75.537 GC heap after
{Heap after GC invocations=285 (full 3):
 PSYoungGen      total 4096K, used 850K [0x00000000eab00000, 0x00000000eb000000, 0x0000000100000000)
  eden space 3072K, 0% used [0x00000000eab00000,0x00000000eab00000,0x00000000eae00000)
  from space 1024K, 83% used [0x00000000eaf00000,0x00000000eafd49c0,0x00000000eb000000)
  to   space 1024K, 0% used [0x00000000eae00000,0x00000000eae00000,0x00000000eaf00000)
 ParOldGen       total 222208K, used 221807K [0x00000000c0000000, 0x00000000cd900000, 0x00000000eab00000)
  object space 222208K, 99% used [0x00000000c0000000,0x00000000cd89bef8,0x00000000cd900000)
 Metaspace       used 63648K, committed 65088K, reserved 1114112K
  class space    used 6507K, committed 7168K, reserved 1048576K
}
Event: 75.551 GC heap before
{Heap before GC invocations=286 (full 3):
 PSYoungGen      total 4096K, used 3922K [0x00000000eab00000, 0x00000000eb000000, 0x0000000100000000)
  eden space 3072K, 100% used [0x00000000eab00000,0x00000000eae00000,0x00000000eae00000)
  from space 1024K, 83% used [0x00000000eaf00000,0x00000000eafd49c0,0x00000000eb000000)
  to   space 1024K, 0% used [0x00000000eae00000,0x00000000eae00000,0x00000000eaf00000)
 ParOldGen       total 222208K, used 221807K [0x00000000c0000000, 0x00000000cd900000, 0x00000000eab00000)
  object space 222208K, 99% used [0x00000000c0000000,0x00000000cd89bef8,0x00000000cd900000)
 Metaspace       used 63648K, committed 65088K, reserved 1114112K
  class space    used 6507K, committed 7168K, reserved 1048576K
}
Event: 75.553 GC heap after
{Heap after GC invocations=286 (full 3):
 PSYoungGen      total 4096K, used 814K [0x00000000eab00000, 0x00000000eb000000, 0x0000000100000000)
  eden space 3072K, 0% used [0x00000000eab00000,0x00000000eab00000,0x00000000eae00000)
  from space 1024K, 79% used [0x00000000eae00000,0x00000000eaecb920,0x00000000eaf00000)
  to   space 1024K, 0% used [0x00000000eaf00000,0x00000000eaf00000,0x00000000eb000000)
 ParOldGen       total 222720K, used 222578K [0x00000000c0000000, 0x00000000cd980000, 0x00000000eab00000)
  object space 222720K, 99% used [0x00000000c0000000,0x00000000cd95c9c8,0x00000000cd980000)
 Metaspace       used 63648K, committed 65088K, reserved 1114112K
  class space    used 6507K, committed 7168K, reserved 1048576K
}
Event: 75.563 GC heap before
{Heap before GC invocations=287 (full 3):
 PSYoungGen      total 4096K, used 3886K [0x00000000eab00000, 0x00000000eb000000, 0x0000000100000000)
  eden space 3072K, 100% used [0x00000000eab00000,0x00000000eae00000,0x00000000eae00000)
  from space 1024K, 79% used [0x00000000eae00000,0x00000000eaecb920,0x00000000eaf00000)
  to   space 1024K, 0% used [0x00000000eaf00000,0x00000000eaf00000,0x00000000eb000000)
 ParOldGen       total 222720K, used 222578K [0x00000000c0000000, 0x00000000cd980000, 0x00000000eab00000)
  object space 222720K, 99% used [0x00000000c0000000,0x00000000cd95c9c8,0x00000000cd980000)
 Metaspace       used 63648K, committed 65088K, reserved 1114112K
  class space    used 6507K, committed 7168K, reserved 1048576K
}
Event: 75.567 GC heap after
{Heap after GC invocations=287 (full 3):
 PSYoungGen      total 4096K, used 860K [0x00000000eab00000, 0x00000000eb000000, 0x0000000100000000)
  eden space 3072K, 0% used [0x00000000eab00000,0x00000000eab00000,0x00000000eae00000)
  from space 1024K, 84% used [0x00000000eaf00000,0x00000000eafd7120,0x00000000eb000000)
  to   space 1024K, 0% used [0x00000000eae00000,0x00000000eae00000,0x00000000eaf00000)
 ParOldGen       total 223744K, used 223327K [0x00000000c0000000, 0x00000000cda80000, 0x00000000eab00000)
  object space 223744K, 99% used [0x00000000c0000000,0x00000000cda17cf8,0x00000000cda80000)
 Metaspace       used 63648K, committed 65088K, reserved 1114112K
  class space    used 6507K, committed 7168K, reserved 1048576K
}
Event: 75.588 GC heap before
{Heap before GC invocations=288 (full 3):
 PSYoungGen      total 4096K, used 3932K [0x00000000eab00000, 0x00000000eb000000, 0x0000000100000000)
  eden space 3072K, 100% used [0x00000000eab00000,0x00000000eae00000,0x00000000eae00000)
  from space 1024K, 84% used [0x00000000eaf00000,0x00000000eafd7120,0x00000000eb000000)
  to   space 1024K, 0% used [0x00000000eae00000,0x00000000eae00000,0x00000000eaf00000)
 ParOldGen       total 223744K, used 223327K [0x00000000c0000000, 0x00000000cda80000, 0x00000000eab00000)
  object space 223744K, 99% used [0x00000000c0000000,0x00000000cda17cf8,0x00000000cda80000)
 Metaspace       used 63648K, committed 65088K, reserved 1114112K
  class space    used 6507K, committed 7168K, reserved 1048576K
}
Event: 75.590 GC heap after
{Heap after GC invocations=288 (full 3):
 PSYoungGen      total 4096K, used 753K [0x00000000eab00000, 0x00000000eb000000, 0x0000000100000000)
  eden space 3072K, 0% used [0x00000000eab00000,0x00000000eab00000,0x00000000eae00000)
  from space 1024K, 73% used [0x00000000eae00000,0x00000000eaebc728,0x00000000eaf00000)
  to   space 1024K, 0% used [0x00000000eaf00000,0x00000000eaf00000,0x00000000eb000000)
 ParOldGen       total 224256K, used 224125K [0x00000000c0000000, 0x00000000cdb00000, 0x00000000eab00000)
  object space 224256K, 99% used [0x00000000c0000000,0x00000000cdadf460,0x00000000cdb00000)
 Metaspace       used 63648K, committed 65088K, reserved 1114112K
  class space    used 6507K, committed 7168K, reserved 1048576K
}
Event: 75.665 GC heap before
{Heap before GC invocations=289 (full 3):
 PSYoungGen      total 4096K, used 3825K [0x00000000eab00000, 0x00000000eb000000, 0x0000000100000000)
  eden space 3072K, 100% used [0x00000000eab00000,0x00000000eae00000,0x00000000eae00000)
  from space 1024K, 73% used [0x00000000eae00000,0x00000000eaebc728,0x00000000eaf00000)
  to   space 1024K, 0% used [0x00000000eaf00000,0x00000000eaf00000,0x00000000eb000000)
 ParOldGen       total 224256K, used 224125K [0x00000000c0000000, 0x00000000cdb00000, 0x00000000eab00000)
  object space 224256K, 99% used [0x00000000c0000000,0x00000000cdadf460,0x00000000cdb00000)
 Metaspace       used 63649K, committed 65088K, reserved 1114112K
  class space    used 6507K, committed 7168K, reserved 1048576K
}
Event: 75.668 GC heap after
{Heap after GC invocations=289 (full 3):
 PSYoungGen      total 4096K, used 742K [0x00000000eab00000, 0x00000000eb000000, 0x0000000100000000)
  eden space 3072K, 0% used [0x00000000eab00000,0x00000000eab00000,0x00000000eae00000)
  from space 1024K, 72% used [0x00000000eaf00000,0x00000000eafb9a68,0x00000000eb000000)
  to   space 1024K, 0% used [0x00000000eae00000,0x00000000eae00000,0x00000000eaf00000)
 ParOldGen       total 225280K, used 224821K [0x00000000c0000000, 0x00000000cdc00000, 0x00000000eab00000)
  object space 225280K, 99% used [0x00000000c0000000,0x00000000cdb8d620,0x00000000cdc00000)
 Metaspace       used 63649K, committed 65088K, reserved 1114112K
  class space    used 6507K, committed 7168K, reserved 1048576K
}
Event: 75.680 GC heap before
{Heap before GC invocations=290 (full 3):
 PSYoungGen      total 4096K, used 3814K [0x00000000eab00000, 0x00000000eb000000, 0x0000000100000000)
  eden space 3072K, 100% used [0x00000000eab00000,0x00000000eae00000,0x00000000eae00000)
  from space 1024K, 72% used [0x00000000eaf00000,0x00000000eafb9a68,0x00000000eb000000)
  to   space 1024K, 0% used [0x00000000eae00000,0x00000000eae00000,0x00000000eaf00000)
 ParOldGen       total 225280K, used 224821K [0x00000000c0000000, 0x00000000cdc00000, 0x00000000eab00000)
  object space 225280K, 99% used [0x00000000c0000000,0x00000000cdb8d620,0x00000000cdc00000)
 Metaspace       used 63649K, committed 65088K, reserved 1114112K
  class space    used 6507K, committed 7168K, reserved 1048576K
}
Event: 75.682 GC heap after
{Heap after GC invocations=290 (full 3):
 PSYoungGen      total 4096K, used 726K [0x00000000eab00000, 0x00000000eb000000, 0x0000000100000000)
  eden space 3072K, 0% used [0x00000000eab00000,0x00000000eab00000,0x00000000eae00000)
  from space 1024K, 70% used [0x00000000eae00000,0x00000000eaeb5bb0,0x00000000eaf00000)
  to   space 1024K, 0% used [0x00000000eaf00000,0x00000000eaf00000,0x00000000eb000000)
 ParOldGen       total 225792K, used 225542K [0x00000000c0000000, 0x00000000cdc80000, 0x00000000eab00000)
  object space 225792K, 99% used [0x00000000c0000000,0x00000000cdc41910,0x00000000cdc80000)
 Metaspace       used 63649K, committed 65088K, reserved 1114112K
  class space    used 6507K, committed 7168K, reserved 1048576K
}
Event: 75.697 GC heap before
{Heap before GC invocations=291 (full 3):
 PSYoungGen      total 4096K, used 3798K [0x00000000eab00000, 0x00000000eb000000, 0x0000000100000000)
  eden space 3072K, 100% used [0x00000000eab00000,0x00000000eae00000,0x00000000eae00000)
  from space 1024K, 70% used [0x00000000eae00000,0x00000000eaeb5bb0,0x00000000eaf00000)
  to   space 1024K, 0% used [0x00000000eaf00000,0x00000000eaf00000,0x00000000eb000000)
 ParOldGen       total 225792K, used 225542K [0x00000000c0000000, 0x00000000cdc80000, 0x00000000eab00000)
  object space 225792K, 99% used [0x00000000c0000000,0x00000000cdc41910,0x00000000cdc80000)
 Metaspace       used 63649K, committed 65088K, reserved 1114112K
  class space    used 6507K, committed 7168K, reserved 1048576K
}
Event: 75.700 GC heap after
{Heap after GC invocations=291 (full 3):
 PSYoungGen      total 4096K, used 818K [0x00000000eab00000, 0x00000000eb000000, 0x0000000100000000)
  eden space 3072K, 0% used [0x00000000eab00000,0x00000000eab00000,0x00000000eae00000)
  from space 1024K, 79% used [0x00000000eaf00000,0x00000000eafcc980,0x00000000eb000000)
  to   space 1024K, 0% used [0x00000000eae00000,0x00000000eae00000,0x00000000eaf00000)
 ParOldGen       total 226304K, used 226199K [0x00000000c0000000, 0x00000000cdd00000, 0x00000000eab00000)
  object space 226304K, 99% used [0x00000000c0000000,0x00000000cdce5df0,0x00000000cdd00000)
 Metaspace       used 63649K, committed 65088K, reserved 1114112K
  class space    used 6507K, committed 7168K, reserved 1048576K
}
Event: 75.737 GC heap before
{Heap before GC invocations=292 (full 3):
 PSYoungGen      total 4096K, used 3890K [0x00000000eab00000, 0x00000000eb000000, 0x0000000100000000)
  eden space 3072K, 100% used [0x00000000eab00000,0x00000000eae00000,0x00000000eae00000)
  from space 1024K, 79% used [0x00000000eaf00000,0x00000000eafcc980,0x00000000eb000000)
  to   space 1024K, 0% used [0x00000000eae00000,0x00000000eae00000,0x00000000eaf00000)
 ParOldGen       total 226304K, used 226199K [0x00000000c0000000, 0x00000000cdd00000, 0x00000000eab00000)
  object space 226304K, 99% used [0x00000000c0000000,0x00000000cdce5df0,0x00000000cdd00000)
 Metaspace       used 63649K, committed 65088K, reserved 1114112K
  class space    used 6507K, committed 7168K, reserved 1048576K
}
Event: 75.742 GC heap after
{Heap after GC invocations=292 (full 3):
 PSYoungGen      total 4096K, used 882K [0x00000000eab00000, 0x00000000eb000000, 0x0000000100000000)
  eden space 3072K, 0% used [0x00000000eab00000,0x00000000eab00000,0x00000000eae00000)
  from space 1024K, 86% used [0x00000000eae00000,0x00000000eaedca08,0x00000000eaf00000)
  to   space 1024K, 0% used [0x00000000eaf00000,0x00000000eaf00000,0x00000000eb000000)
 ParOldGen       total 227328K, used 226922K [0x00000000c0000000, 0x00000000cde00000, 0x00000000eab00000)
  object space 227328K, 99% used [0x00000000c0000000,0x00000000cdd9a8f8,0x00000000cde00000)
 Metaspace       used 63649K, committed 65088K, reserved 1114112K
  class space    used 6507K, committed 7168K, reserved 1048576K
}
Event: 75.836 GC heap before
{Heap before GC invocations=293 (full 3):
 PSYoungGen      total 4096K, used 3954K [0x00000000eab00000, 0x00000000eb000000, 0x0000000100000000)
  eden space 3072K, 100% used [0x00000000eab00000,0x00000000eae00000,0x00000000eae00000)
  from space 1024K, 86% used [0x00000000eae00000,0x00000000eaedca08,0x00000000eaf00000)
  to   space 1024K, 0% used [0x00000000eaf00000,0x00000000eaf00000,0x00000000eb000000)
 ParOldGen       total 227328K, used 226922K [0x00000000c0000000, 0x00000000cde00000, 0x00000000eab00000)
  object space 227328K, 99% used [0x00000000c0000000,0x00000000cdd9a8f8,0x00000000cde00000)
 Metaspace       used 63650K, committed 65088K, reserved 1114112K
  class space    used 6507K, committed 7168K, reserved 1048576K
}
Event: 75.839 GC heap after
{Heap after GC invocations=293 (full 3):
 PSYoungGen      total 4096K, used 920K [0x00000000eab00000, 0x00000000eb000000, 0x0000000100000000)
  eden space 3072K, 0% used [0x00000000eab00000,0x00000000eab00000,0x00000000eae00000)
  from space 1024K, 89% used [0x00000000eaf00000,0x00000000eafe6328,0x00000000eb000000)
  to   space 1024K, 0% used [0x00000000eae00000,0x00000000eae00000,0x00000000eaf00000)
 ParOldGen       total 227840K, used 227712K [0x00000000c0000000, 0x00000000cde80000, 0x00000000eab00000)
  object space 227840K, 99% used [0x00000000c0000000,0x00000000cde60140,0x00000000cde80000)
 Metaspace       used 63650K, committed 65088K, reserved 1114112K
  class space    used 6507K, committed 7168K, reserved 1048576K
}
Event: 75.904 GC heap before
{Heap before GC invocations=294 (full 3):
 PSYoungGen      total 4096K, used 3992K [0x00000000eab00000, 0x00000000eb000000, 0x0000000100000000)
  eden space 3072K, 100% used [0x00000000eab00000,0x00000000eae00000,0x00000000eae00000)
  from space 1024K, 89% used [0x00000000eaf00000,0x00000000eafe6328,0x00000000eb000000)
  to   space 1024K, 0% used [0x00000000eae00000,0x00000000eae00000,0x00000000eaf00000)
 ParOldGen       total 227840K, used 227712K [0x00000000c0000000, 0x00000000cde80000, 0x00000000eab00000)
  object space 227840K, 99% used [0x00000000c0000000,0x00000000cde60140,0x00000000cde80000)
 Metaspace       used 63651K, committed 65088K, reserved 1114112K
  class space    used 6507K, committed 7168K, reserved 1048576K
}
Event: 75.908 GC heap after
{Heap after GC invocations=294 (full 3):
 PSYoungGen      total 4096K, used 724K [0x00000000eab00000, 0x00000000eb000000, 0x0000000100000000)
  eden space 3072K, 0% used [0x00000000eab00000,0x00000000eab00000,0x00000000eae00000)
  from space 1024K, 70% used [0x00000000eae00000,0x00000000eaeb50b8,0x00000000eaf00000)
  to   space 1024K, 0% used [0x00000000eaf00000,0x00000000eaf00000,0x00000000eb000000)
 ParOldGen       total 228864K, used 228494K [0x00000000c0000000, 0x00000000cdf80000, 0x00000000eab00000)
  object space 228864K, 99% used [0x00000000c0000000,0x00000000cdf23ac0,0x00000000cdf80000)
 Metaspace       used 63651K, committed 65088K, reserved 1114112K
  class space    used 6507K, committed 7168K, reserved 1048576K
}

Dll operation events (10 events):
Event: 0.032 Loaded shared library c:\Users\david\.vscode\extensions\redhat.java-1.42.0-win32-x64\jre\21.0.7-win32-x86_64\bin\java.dll
Event: 0.197 Loaded shared library c:\Users\david\.vscode\extensions\redhat.java-1.42.0-win32-x64\jre\21.0.7-win32-x86_64\bin\zip.dll
Event: 0.242 Loaded shared library C:\Users\david\.vscode\extensions\redhat.java-1.42.0-win32-x64\jre\21.0.7-win32-x86_64\bin\instrument.dll
Event: 0.253 Loaded shared library C:\Users\david\.vscode\extensions\redhat.java-1.42.0-win32-x64\jre\21.0.7-win32-x86_64\bin\net.dll
Event: 0.256 Loaded shared library C:\Users\david\.vscode\extensions\redhat.java-1.42.0-win32-x64\jre\21.0.7-win32-x86_64\bin\nio.dll
Event: 0.262 Loaded shared library C:\Users\david\.vscode\extensions\redhat.java-1.42.0-win32-x64\jre\21.0.7-win32-x86_64\bin\zip.dll
Event: 0.355 Loaded shared library C:\Users\david\.vscode\extensions\redhat.java-1.42.0-win32-x64\jre\21.0.7-win32-x86_64\bin\jimage.dll
Event: 0.555 Loaded shared library c:\Users\david\.vscode\extensions\redhat.java-1.42.0-win32-x64\jre\21.0.7-win32-x86_64\bin\verify.dll
Event: 4.763 Loaded shared library C:\Users\david\AppData\Roaming\Code\User\globalStorage\redhat.java\1.42.0\config_win\org.eclipse.equinox.launcher\org.eclipse.equinox.launcher.win32.win32.x86_64_1.2.1300.v20250331-1702\eclipse_11911.dll
Event: 10.638 Loaded shared library C:\Users\david\AppData\Local\Temp\jna-95358580\jna1793415155686053766.dll

Deoptimization events (20 events):
Event: 75.855 Thread 0x0000025f55e44840 Uncommon trap: trap_request=0xffffffde fr.pc=0x0000025f082a4abc relative=0x00000000000002dc
Event: 75.855 Thread 0x0000025f55e44840 Uncommon trap: reason=class_check action=maybe_recompile pc=0x0000025f082a4abc method=org.eclipse.jdt.internal.compiler.parser.Parser.consumeRule(I)V @ 5930 c2
Event: 75.855 Thread 0x0000025f55e44840 DEOPT PACKING pc=0x0000025f082a4abc sp=0x000000c7b08fe0d0
Event: 75.855 Thread 0x0000025f55e44840 DEOPT UNPACKING pc=0x0000025f07586da2 sp=0x000000c7b08fe070 mode 2
Event: 75.857 Thread 0x0000025f55e44840 Uncommon trap: trap_request=0xffffffde fr.pc=0x0000025f082a4abc relative=0x00000000000002dc
Event: 75.857 Thread 0x0000025f55e44840 Uncommon trap: reason=class_check action=maybe_recompile pc=0x0000025f082a4abc method=org.eclipse.jdt.internal.compiler.parser.Parser.consumeRule(I)V @ 5930 c2
Event: 75.857 Thread 0x0000025f55e44840 DEOPT PACKING pc=0x0000025f082a4abc sp=0x000000c7b08fe0d0
Event: 75.857 Thread 0x0000025f55e44840 DEOPT UNPACKING pc=0x0000025f07586da2 sp=0x000000c7b08fe070 mode 2
Event: 75.857 Thread 0x0000025f55e44840 Uncommon trap: trap_request=0xffffffde fr.pc=0x0000025f082a5364 relative=0x0000000000000b84
Event: 75.857 Thread 0x0000025f55e44840 Uncommon trap: reason=class_check action=maybe_recompile pc=0x0000025f082a5364 method=org.eclipse.jdt.internal.compiler.parser.Parser.consumeRule(I)V @ 5951 c2
Event: 75.857 Thread 0x0000025f55e44840 DEOPT PACKING pc=0x0000025f082a5364 sp=0x000000c7b08fe0d0
Event: 75.857 Thread 0x0000025f55e44840 DEOPT UNPACKING pc=0x0000025f07586da2 sp=0x000000c7b08fe070 mode 2
Event: 75.857 Thread 0x0000025f55e44840 Uncommon trap: trap_request=0xffffffde fr.pc=0x0000025f082a4f10 relative=0x0000000000000730
Event: 75.857 Thread 0x0000025f55e44840 Uncommon trap: reason=class_check action=maybe_recompile pc=0x0000025f082a4f10 method=org.eclipse.jdt.internal.compiler.parser.Parser.consumeRule(I)V @ 4265 c2
Event: 75.857 Thread 0x0000025f55e44840 DEOPT PACKING pc=0x0000025f082a4f10 sp=0x000000c7b08fe0d0
Event: 75.858 Thread 0x0000025f55e44840 DEOPT UNPACKING pc=0x0000025f07586da2 sp=0x000000c7b08fe070 mode 2
Event: 75.858 Thread 0x0000025f55e44840 Uncommon trap: trap_request=0xffffffde fr.pc=0x0000025f082a4abc relative=0x00000000000002dc
Event: 75.858 Thread 0x0000025f55e44840 Uncommon trap: reason=class_check action=maybe_recompile pc=0x0000025f082a4abc method=org.eclipse.jdt.internal.compiler.parser.Parser.consumeRule(I)V @ 5930 c2
Event: 75.858 Thread 0x0000025f55e44840 DEOPT PACKING pc=0x0000025f082a4abc sp=0x000000c7b08fe0d0
Event: 75.858 Thread 0x0000025f55e44840 DEOPT UNPACKING pc=0x0000025f07586da2 sp=0x000000c7b08fe070 mode 2

Classes loaded (20 events):
Event: 71.710 Loading class java/util/TreeMap$TreeMapSpliterator done
Event: 71.710 Loading class java/util/TreeMap$ValueSpliterator done
Event: 71.782 Loading class java/util/concurrent/CompletionException
Event: 71.783 Loading class java/util/concurrent/CompletionException done
Event: 71.795 Loading class java/nio/file/FileTreeWalker$1
Event: 71.796 Loading class java/nio/file/FileTreeWalker$1 done
Event: 71.801 Loading class sun/nio/fs/Globs
Event: 71.802 Loading class sun/nio/fs/Globs done
Event: 71.803 Loading class java/util/regex/Pattern$SliceU
Event: 71.804 Loading class java/util/regex/Pattern$SliceU done
Event: 71.804 Loading class sun/nio/fs/WindowsFileSystem$2
Event: 71.806 Loading class java/nio/file/PathMatcher
Event: 71.806 Loading class java/nio/file/PathMatcher done
Event: 71.806 Loading class sun/nio/fs/WindowsFileSystem$2 done
Event: 72.709 Loading class java/util/Collections$SynchronizedRandomAccessList
Event: 72.711 Loading class java/util/Collections$SynchronizedList
Event: 72.713 Loading class java/util/Collections$SynchronizedList done
Event: 72.713 Loading class java/util/Collections$SynchronizedRandomAccessList done
Event: 72.788 Loading class java/util/concurrent/CompletableFuture$Signaller
Event: 72.789 Loading class java/util/concurrent/CompletableFuture$Signaller done

Classes unloaded (7 events):
Event: 11.968 Thread 0x0000025f795dc2c0 Unloading class 0x0000025f101a4c00 'java/lang/invoke/LambdaForm$MH+0x0000025f101a4c00'
Event: 11.968 Thread 0x0000025f795dc2c0 Unloading class 0x0000025f101a4800 'java/lang/invoke/LambdaForm$MH+0x0000025f101a4800'
Event: 11.968 Thread 0x0000025f795dc2c0 Unloading class 0x0000025f101a4400 'java/lang/invoke/LambdaForm$MH+0x0000025f101a4400'
Event: 11.968 Thread 0x0000025f795dc2c0 Unloading class 0x0000025f101a4000 'java/lang/invoke/LambdaForm$MH+0x0000025f101a4000'
Event: 11.968 Thread 0x0000025f795dc2c0 Unloading class 0x0000025f101a3c00 'java/lang/invoke/LambdaForm$BMH+0x0000025f101a3c00'
Event: 11.968 Thread 0x0000025f795dc2c0 Unloading class 0x0000025f101a3800 'java/lang/invoke/LambdaForm$DMH+0x0000025f101a3800'
Event: 11.968 Thread 0x0000025f795dc2c0 Unloading class 0x0000025f101a2400 'java/lang/invoke/LambdaForm$DMH+0x0000025f101a2400'

Classes redefined (0 events):
No events

Internal exceptions (20 events):
Event: 72.246 Thread 0x0000025f5441f220 Exception <a 'sun/nio/fs/WindowsException'{0x00000000ead2b4a8}> (0x00000000ead2b4a8) 
thrown [s\src\hotspot\share\prims\jni.cpp, line 520]
Event: 72.246 Thread 0x0000025f5441f220 Exception <a 'sun/nio/fs/WindowsException'{0x00000000ead2bd98}> (0x00000000ead2bd98) 
thrown [s\src\hotspot\share\prims\jni.cpp, line 520]
Event: 72.246 Thread 0x0000025f5441f220 Exception <a 'sun/nio/fs/WindowsException'{0x00000000ead2c6a0}> (0x00000000ead2c6a0) 
thrown [s\src\hotspot\share\prims\jni.cpp, line 520]
Event: 72.247 Thread 0x0000025f5441f220 Exception <a 'sun/nio/fs/WindowsException'{0x00000000ead305c0}> (0x00000000ead305c0) 
thrown [s\src\hotspot\share\prims\jni.cpp, line 520]
Event: 72.248 Thread 0x0000025f5441f220 Exception <a 'sun/nio/fs/WindowsException'{0x00000000ead30e00}> (0x00000000ead30e00) 
thrown [s\src\hotspot\share\prims\jni.cpp, line 520]
Event: 72.248 Thread 0x0000025f5441f220 Exception <a 'sun/nio/fs/WindowsException'{0x00000000ead31948}> (0x00000000ead31948) 
thrown [s\src\hotspot\share\prims\jni.cpp, line 520]
Event: 72.248 Thread 0x0000025f5441f220 Exception <a 'sun/nio/fs/WindowsException'{0x00000000ead321a8}> (0x00000000ead321a8) 
thrown [s\src\hotspot\share\prims\jni.cpp, line 520]
Event: 72.254 Thread 0x0000025f5441f220 Exception <a 'sun/nio/fs/WindowsException'{0x00000000ead36488}> (0x00000000ead36488) 
thrown [s\src\hotspot\share\prims\jni.cpp, line 520]
Event: 72.255 Thread 0x0000025f5441f220 Exception <a 'sun/nio/fs/WindowsException'{0x00000000ead36ce8}> (0x00000000ead36ce8) 
thrown [s\src\hotspot\share\prims\jni.cpp, line 520]
Event: 72.255 Thread 0x0000025f5441f220 Exception <a 'sun/nio/fs/WindowsException'{0x00000000ead37548}> (0x00000000ead37548) 
thrown [s\src\hotspot\share\prims\jni.cpp, line 520]
Event: 72.255 Thread 0x0000025f5441f220 Exception <a 'sun/nio/fs/WindowsException'{0x00000000ead37dc0}> (0x00000000ead37dc0) 
thrown [s\src\hotspot\share\prims\jni.cpp, line 520]
Event: 72.256 Thread 0x0000025f5441f220 Exception <a 'sun/nio/fs/WindowsException'{0x00000000ead3c668}> (0x00000000ead3c668) 
thrown [s\src\hotspot\share\prims\jni.cpp, line 520]
Event: 72.256 Thread 0x0000025f5441f220 Exception <a 'sun/nio/fs/WindowsException'{0x00000000ead3cef8}> (0x00000000ead3cef8) 
thrown [s\src\hotspot\share\prims\jni.cpp, line 520]
Event: 72.272 Thread 0x0000025f5441f220 Exception <a 'sun/nio/fs/WindowsException'{0x00000000ead3d788}> (0x00000000ead3d788) 
thrown [s\src\hotspot\share\prims\jni.cpp, line 520]
Event: 72.272 Thread 0x0000025f5441f220 Exception <a 'sun/nio/fs/WindowsException'{0x00000000ead3e030}> (0x00000000ead3e030) 
thrown [s\src\hotspot\share\prims\jni.cpp, line 520]
Event: 73.192 Thread 0x0000025f544212f0 Implicit null exception at 0x0000025f07f0b700 to 0x0000025f07f0ba14
Event: 73.340 Thread 0x0000025f55e44840 Exception <a 'sun/nio/fs/WindowsException'{0x00000000ead69cb0}> (0x00000000ead69cb0) 
thrown [s\src\hotspot\share\prims\jni.cpp, line 520]
Event: 73.340 Thread 0x0000025f55e44840 Exception <a 'sun/nio/fs/WindowsException'{0x00000000ead6a2e0}> (0x00000000ead6a2e0) 
thrown [s\src\hotspot\share\prims\jni.cpp, line 520]
Event: 74.059 Thread 0x0000025f55e44840 Exception <a 'sun/nio/fs/WindowsException'{0x00000000eab03020}> (0x00000000eab03020) 
thrown [s\src\hotspot\share\prims\jni.cpp, line 520]
Event: 74.059 Thread 0x0000025f55e44840 Exception <a 'sun/nio/fs/WindowsException'{0x00000000eab038a8}> (0x00000000eab038a8) 
thrown [s\src\hotspot\share\prims\jni.cpp, line 520]

ZGC Phase Switch (0 events):
No events

VM Operations (20 events):
Event: 75.534 Executing VM operation: ParallelGCFailedAllocation (Allocation Failure)
Event: 75.537 Executing VM operation: ParallelGCFailedAllocation (Allocation Failure) done
Event: 75.551 Executing VM operation: ParallelGCFailedAllocation (Allocation Failure)
Event: 75.553 Executing VM operation: ParallelGCFailedAllocation (Allocation Failure) done
Event: 75.563 Executing VM operation: ParallelGCFailedAllocation (Allocation Failure)
Event: 75.567 Executing VM operation: ParallelGCFailedAllocation (Allocation Failure) done
Event: 75.576 Executing VM operation: ParallelGCFailedAllocation (Allocation Failure)
Event: 75.590 Executing VM operation: ParallelGCFailedAllocation (Allocation Failure) done
Event: 75.651 Executing VM operation: ParallelGCFailedAllocation (Allocation Failure)
Event: 75.668 Executing VM operation: ParallelGCFailedAllocation (Allocation Failure) done
Event: 75.680 Executing VM operation: ParallelGCFailedAllocation (Allocation Failure)
Event: 75.682 Executing VM operation: ParallelGCFailedAllocation (Allocation Failure) done
Event: 75.688 Executing VM operation: ParallelGCFailedAllocation (Allocation Failure)
Event: 75.700 Executing VM operation: ParallelGCFailedAllocation (Allocation Failure) done
Event: 75.737 Executing VM operation: ParallelGCFailedAllocation (Allocation Failure)
Event: 75.742 Executing VM operation: ParallelGCFailedAllocation (Allocation Failure) done
Event: 75.821 Executing VM operation: ParallelGCFailedAllocation (Allocation Failure)
Event: 75.839 Executing VM operation: ParallelGCFailedAllocation (Allocation Failure) done
Event: 75.903 Executing VM operation: ParallelGCFailedAllocation (Allocation Failure)
Event: 75.908 Executing VM operation: ParallelGCFailedAllocation (Allocation Failure) done

Memory protections (0 events):
No events

Nmethod flushes (20 events):
Event: 48.271 Thread 0x0000025f795dc2c0 flushing  nmethod 0x0000025f00941390
Event: 48.271 Thread 0x0000025f795dc2c0 flushing  nmethod 0x0000025f00941b90
Event: 48.271 Thread 0x0000025f795dc2c0 flushing  nmethod 0x0000025f00955510
Event: 48.271 Thread 0x0000025f795dc2c0 flushing  nmethod 0x0000025f00955a10
Event: 48.271 Thread 0x0000025f795dc2c0 flushing  nmethod 0x0000025f00955f90
Event: 48.271 Thread 0x0000025f795dc2c0 flushing  nmethod 0x0000025f00997790
Event: 48.271 Thread 0x0000025f795dc2c0 flushing  nmethod 0x0000025f00998310
Event: 48.271 Thread 0x0000025f795dc2c0 flushing  nmethod 0x0000025f00999210
Event: 48.271 Thread 0x0000025f795dc2c0 flushing  nmethod 0x0000025f00999610
Event: 48.271 Thread 0x0000025f795dc2c0 flushing  nmethod 0x0000025f00999b10
Event: 48.271 Thread 0x0000025f795dc2c0 flushing  nmethod 0x0000025f0099a990
Event: 48.271 Thread 0x0000025f795dc2c0 flushing  nmethod 0x0000025f0099cf10
Event: 48.271 Thread 0x0000025f795dc2c0 flushing  nmethod 0x0000025f0099d390
Event: 48.271 Thread 0x0000025f795dc2c0 flushing  nmethod 0x0000025f0099da90
Event: 48.271 Thread 0x0000025f795dc2c0 flushing  nmethod 0x0000025f0099de90
Event: 48.271 Thread 0x0000025f795dc2c0 flushing  nmethod 0x0000025f0099e210
Event: 48.271 Thread 0x0000025f795dc2c0 flushing  nmethod 0x0000025f0099e790
Event: 48.271 Thread 0x0000025f795dc2c0 flushing  nmethod 0x0000025f0099eb90
Event: 48.271 Thread 0x0000025f795dc2c0 flushing  nmethod 0x0000025f009a0490
Event: 48.271 Thread 0x0000025f795dc2c0 flushing  nmethod 0x0000025f009af610

Events (20 events):
Event: 61.216 Thread 0x0000025f5441f220 Thread added: 0x0000025f605a2140
Event: 61.217 Thread 0x0000025f5441f220 Thread added: 0x0000025f605a34f0
Event: 61.221 Thread 0x0000025f5441f220 Thread added: 0x0000025f605a7000
Event: 61.225 Thread 0x0000025f5441f220 Thread added: 0x0000025f605a6970
Event: 61.225 Thread 0x0000025f5441f220 Thread added: 0x0000025f605a27d0
Event: 64.055 Thread 0x0000025f605a34f0 Thread exited: 0x0000025f605a34f0
Event: 64.056 Thread 0x0000025f605a7000 Thread exited: 0x0000025f605a7000
Event: 64.056 Thread 0x0000025f605a27d0 Thread exited: 0x0000025f605a27d0
Event: 64.061 Thread 0x0000025f605a2140 Thread exited: 0x0000025f605a2140
Event: 64.072 Thread 0x0000025f605a6970 Thread exited: 0x0000025f605a6970
Event: 67.281 Thread 0x0000025f5441f220 Thread added: 0x0000025f556433f0
Event: 67.282 Thread 0x0000025f5441f220 Thread added: 0x0000025f55644110
Event: 67.302 Thread 0x0000025f5441f220 Thread added: 0x0000025f55644e30
Event: 67.302 Thread 0x0000025f5441f220 Thread added: 0x0000025f556426d0
Event: 67.303 Thread 0x0000025f5441f220 Thread added: 0x0000025f556454c0
Event: 67.848 Thread 0x0000025f556454c0 Thread exited: 0x0000025f556454c0
Event: 67.848 Thread 0x0000025f556433f0 Thread exited: 0x0000025f556433f0
Event: 67.848 Thread 0x0000025f556426d0 Thread exited: 0x0000025f556426d0
Event: 67.848 Thread 0x0000025f55644110 Thread exited: 0x0000025f55644110
Event: 67.848 Thread 0x0000025f55644e30 Thread exited: 0x0000025f55644e30


Dynamic libraries:
0x00007ff6800b0000 - 0x00007ff6800be000 	c:\Users\david\.vscode\extensions\redhat.java-1.42.0-win32-x64\jre\21.0.7-win32-x86_64\bin\java.exe
0x00007ffd12fd0000 - 0x00007ffd131e7000 	C:\WINDOWS\SYSTEM32\ntdll.dll
0x00007ffd11d30000 - 0x00007ffd11df4000 	C:\WINDOWS\System32\KERNEL32.DLL
0x00007ffd105f0000 - 0x00007ffd109c3000 	C:\WINDOWS\System32\KERNELBASE.dll
0x00007ffd10b40000 - 0x00007ffd10c51000 	C:\WINDOWS\System32\ucrtbase.dll
0x00007ffd0b140000 - 0x00007ffd0b158000 	c:\Users\david\.vscode\extensions\redhat.java-1.42.0-win32-x64\jre\21.0.7-win32-x86_64\bin\jli.dll
0x00007ffd115a0000 - 0x00007ffd11751000 	C:\WINDOWS\System32\USER32.dll
0x00007ffd10410000 - 0x00007ffd10436000 	C:\WINDOWS\System32\win32u.dll
0x00007ffd126b0000 - 0x00007ffd126d9000 	C:\WINDOWS\System32\GDI32.dll
0x00007ffd104c0000 - 0x00007ffd105e2000 	C:\WINDOWS\System32\gdi32full.dll
0x00007ffd10230000 - 0x00007ffd102ca000 	C:\WINDOWS\System32\msvcp_win.dll
0x00007ffd0a210000 - 0x00007ffd0a22e000 	c:\Users\david\.vscode\extensions\redhat.java-1.42.0-win32-x64\jre\21.0.7-win32-x86_64\bin\VCRUNTIME140.dll
0x00007ffcffe20000 - 0x00007ffd000bb000 	C:\WINDOWS\WinSxS\amd64_microsoft.windows.common-controls_6595b64144ccf1df_6.0.22621.5262_none_2712bde373830908\COMCTL32.dll
0x00007ffd11f60000 - 0x00007ffd12007000 	C:\WINDOWS\System32\msvcrt.dll
0x00007ffd11e00000 - 0x00007ffd11e31000 	C:\WINDOWS\System32\IMM32.DLL
0x00007ffd0bd50000 - 0x00007ffd0bd5c000 	c:\Users\david\.vscode\extensions\redhat.java-1.42.0-win32-x64\jre\21.0.7-win32-x86_64\bin\vcruntime140_1.dll
0x00007ffcfd2d0000 - 0x00007ffcfd35d000 	c:\Users\david\.vscode\extensions\redhat.java-1.42.0-win32-x64\jre\21.0.7-win32-x86_64\bin\msvcp140.dll
0x00007ffcbba70000 - 0x00007ffcbc800000 	c:\Users\david\.vscode\extensions\redhat.java-1.42.0-win32-x64\jre\21.0.7-win32-x86_64\bin\server\jvm.dll
0x00007ffd11880000 - 0x00007ffd11931000 	C:\WINDOWS\System32\ADVAPI32.dll
0x00007ffd11280000 - 0x00007ffd11327000 	C:\WINDOWS\System32\sechost.dll
0x00007ffd109d0000 - 0x00007ffd109f8000 	C:\WINDOWS\System32\bcrypt.dll
0x00007ffd11160000 - 0x00007ffd11274000 	C:\WINDOWS\System32\RPCRT4.dll
0x00007ffd110e0000 - 0x00007ffd11151000 	C:\WINDOWS\System32\WS2_32.dll
0x00007ffd0ff90000 - 0x00007ffd0ffdd000 	C:\WINDOWS\SYSTEM32\POWRPROF.dll
0x00007ffd084a0000 - 0x00007ffd084d4000 	C:\WINDOWS\SYSTEM32\WINMM.dll
0x00007ffd05d40000 - 0x00007ffd05d4a000 	C:\WINDOWS\SYSTEM32\VERSION.dll
0x00007ffd0ff70000 - 0x00007ffd0ff83000 	C:\WINDOWS\SYSTEM32\UMPDC.dll
0x00007ffd0f100000 - 0x00007ffd0f118000 	C:\WINDOWS\SYSTEM32\kernel.appcore.dll
0x00007ffd0b0f0000 - 0x00007ffd0b0fa000 	c:\Users\david\.vscode\extensions\redhat.java-1.42.0-win32-x64\jre\21.0.7-win32-x86_64\bin\jimage.dll
0x00007ffd0db60000 - 0x00007ffd0dd92000 	C:\WINDOWS\SYSTEM32\DBGHELP.DLL
0x00007ffd12060000 - 0x00007ffd123f3000 	C:\WINDOWS\System32\combase.dll
0x00007ffd11940000 - 0x00007ffd11a17000 	C:\WINDOWS\System32\OLEAUT32.dll
0x00007ffce66f0000 - 0x00007ffce6722000 	C:\WINDOWS\SYSTEM32\dbgcore.DLL
0x00007ffd10440000 - 0x00007ffd104bb000 	C:\WINDOWS\System32\bcryptPrimitives.dll
0x00007ffd08bb0000 - 0x00007ffd08bbf000 	c:\Users\david\.vscode\extensions\redhat.java-1.42.0-win32-x64\jre\21.0.7-win32-x86_64\bin\instrument.dll
0x00007ffcfe6b0000 - 0x00007ffcfe6cf000 	c:\Users\david\.vscode\extensions\redhat.java-1.42.0-win32-x64\jre\21.0.7-win32-x86_64\bin\java.dll
0x00007ffd126e0000 - 0x00007ffd12f7d000 	C:\WINDOWS\System32\SHELL32.dll
0x00007ffd102d0000 - 0x00007ffd1040f000 	C:\WINDOWS\System32\wintypes.dll
0x00007ffd0e000000 - 0x00007ffd0e91d000 	C:\WINDOWS\SYSTEM32\windows.storage.dll
0x00007ffd11760000 - 0x00007ffd1186b000 	C:\WINDOWS\System32\SHCORE.dll
0x00007ffd11ef0000 - 0x00007ffd11f56000 	C:\WINDOWS\System32\shlwapi.dll
0x00007ffd0fff0000 - 0x00007ffd1001b000 	C:\WINDOWS\SYSTEM32\profapi.dll
0x00007ffcfe690000 - 0x00007ffcfe6a8000 	c:\Users\david\.vscode\extensions\redhat.java-1.42.0-win32-x64\jre\21.0.7-win32-x86_64\bin\zip.dll
0x00007ffcfe7f0000 - 0x00007ffcfe800000 	C:\Users\david\.vscode\extensions\redhat.java-1.42.0-win32-x64\jre\21.0.7-win32-x86_64\bin\net.dll
0x00007ffd07be0000 - 0x00007ffd07d0c000 	C:\WINDOWS\SYSTEM32\WINHTTP.dll
0x00007ffd0f580000 - 0x00007ffd0f5ea000 	C:\WINDOWS\system32\mswsock.dll
0x00007ffcfd4c0000 - 0x00007ffcfd4d6000 	C:\Users\david\.vscode\extensions\redhat.java-1.42.0-win32-x64\jre\21.0.7-win32-x86_64\bin\nio.dll
0x00007ffcfe7c0000 - 0x00007ffcfe7d0000 	c:\Users\david\.vscode\extensions\redhat.java-1.42.0-win32-x64\jre\21.0.7-win32-x86_64\bin\verify.dll
0x00007ffcfce00000 - 0x00007ffcfce45000 	C:\Users\david\AppData\Roaming\Code\User\globalStorage\redhat.java\1.42.0\config_win\org.eclipse.equinox.launcher\org.eclipse.equinox.launcher.win32.win32.x86_64_1.2.1300.v20250331-1702\eclipse_11911.dll
0x00007ffd11b60000 - 0x00007ffd11d01000 	C:\WINDOWS\System32\ole32.dll
0x00007ffd0f7d0000 - 0x00007ffd0f7eb000 	C:\WINDOWS\SYSTEM32\CRYPTSP.dll
0x00007ffd0f060000 - 0x00007ffd0f097000 	C:\WINDOWS\system32\rsaenh.dll
0x00007ffd0f670000 - 0x00007ffd0f698000 	C:\WINDOWS\SYSTEM32\USERENV.dll
0x00007ffd0f7f0000 - 0x00007ffd0f7fc000 	C:\WINDOWS\SYSTEM32\CRYPTBASE.dll
0x00007ffd0ebc0000 - 0x00007ffd0ebed000 	C:\WINDOWS\SYSTEM32\IPHLPAPI.DLL
0x00007ffd11ac0000 - 0x00007ffd11ac9000 	C:\WINDOWS\System32\NSI.dll
0x00007ffce5450000 - 0x00007ffce5499000 	C:\Users\david\AppData\Local\Temp\jna-95358580\jna1793415155686053766.dll
0x00007ffd12f80000 - 0x00007ffd12f88000 	C:\WINDOWS\System32\PSAPI.DLL
0x00007ffd07e70000 - 0x00007ffd07e89000 	C:\WINDOWS\SYSTEM32\dhcpcsvc6.DLL
0x00007ffd07bc0000 - 0x00007ffd07bdf000 	C:\WINDOWS\SYSTEM32\dhcpcsvc.DLL

dbghelp: loaded successfully - version: 4.0.5 - missing functions: none
symbol engine: initialized successfully - sym options: 0x614 - pdb path: .;c:\Users\david\.vscode\extensions\redhat.java-1.42.0-win32-x64\jre\21.0.7-win32-x86_64\bin;C:\WINDOWS\SYSTEM32;C:\WINDOWS\WinSxS\amd64_microsoft.windows.common-controls_6595b64144ccf1df_6.0.22621.5262_none_2712bde373830908;c:\Users\david\.vscode\extensions\redhat.java-1.42.0-win32-x64\jre\21.0.7-win32-x86_64\bin\server;C:\Users\david\AppData\Roaming\Code\User\globalStorage\redhat.java\1.42.0\config_win\org.eclipse.equinox.launcher\org.eclipse.equinox.launcher.win32.win32.x86_64_1.2.1300.v20250331-1702;C:\Users\david\AppData\Local\Temp\jna-95358580

VM Arguments:
jvm_args: --add-modules=ALL-SYSTEM --add-opens=java.base/java.util=ALL-UNNAMED --add-opens=java.base/java.lang=ALL-UNNAMED --add-opens=java.base/sun.nio.fs=ALL-UNNAMED -Declipse.application=org.eclipse.jdt.ls.core.id1 -Dosgi.bundles.defaultStartLevel=4 -Declipse.product=org.eclipse.jdt.ls.core.product -Djava.import.generatesMetadataFilesAtProjectRoot=false -DDetectVMInstallationsJob.disabled=true -Dfile.encoding=utf8 -XX:+UseParallelGC -XX:GCTimeRatio=4 -XX:AdaptiveSizePolicyWeight=90 -Dsun.zip.disableMemoryMapping=true -Xmx1G -Xms100m -Xlog:disable -javaagent:c:\Users\david\.vscode\extensions\redhat.java-1.42.0-win32-x64\lombok\lombok-1.18.36.jar -XX:+HeapDumpOnOutOfMemoryError -XX:HeapDumpPath=c:\Users\david\AppData\Roaming\Code\User\workspaceStorage\afd104c50afc7b92ffa65fa90c2ab72f\redhat.java -Daether.dependencyCollector.impl=bf 
java_command: c:\Users\david\.vscode\extensions\redhat.java-1.42.0-win32-x64\server\plugins\org.eclipse.equinox.launcher_1.7.0.v20250424-1814.jar -configuration c:\Users\david\AppData\Roaming\Code\User\globalStorage\redhat.java\1.42.0\config_win -data c:\Users\david\AppData\Roaming\Code\User\workspaceStorage\afd104c50afc7b92ffa65fa90c2ab72f\redhat.java\jdt_ws --pipe=\\.\pipe\lsp-1465363f503518743449a979aa770836-sock
java_class_path (initial): c:\Users\david\.vscode\extensions\redhat.java-1.42.0-win32-x64\server\plugins\org.eclipse.equinox.launcher_1.7.0.v20250424-1814.jar
Launcher Type: SUN_STANDARD

[Global flags]
    uintx AdaptiveSizePolicyWeight                 = 90                                        {product} {command line}
     intx CICompilerCount                          = 3                                         {product} {ergonomic}
    uintx GCTimeRatio                              = 4                                         {product} {command line}
     bool HeapDumpOnOutOfMemoryError               = true                                   {manageable} {command line}
    ccstr HeapDumpPath                             = c:\Users\david\AppData\Roaming\Code\User\workspaceStorage\afd104c50afc7b92ffa65fa90c2ab72f\redhat.java         {manageable} {command line}
   size_t InitialHeapSize                          = 104857600                                 {product} {command line}
   size_t MaxHeapSize                              = 1073741824                                {product} {command line}
   size_t MaxNewSize                               = 357564416                                 {product} {ergonomic}
   size_t MinHeapDeltaBytes                        = 524288                                    {product} {ergonomic}
   size_t MinHeapSize                              = 104857600                                 {product} {command line}
   size_t NewSize                                  = 34603008                                  {product} {ergonomic}
    uintx NonNMethodCodeHeapSize                   = 5832780                                {pd product} {ergonomic}
    uintx NonProfiledCodeHeapSize                  = 122912730                              {pd product} {ergonomic}
   size_t OldSize                                  = 70254592                                  {product} {ergonomic}
    uintx ProfiledCodeHeapSize                     = 122912730                              {pd product} {ergonomic}
    uintx ReservedCodeCacheSize                    = 251658240                              {pd product} {ergonomic}
     bool SegmentedCodeCache                       = true                                      {product} {ergonomic}
   size_t SoftMaxHeapSize                          = 1073741824                             {manageable} {ergonomic}
     bool UseCompressedOops                        = true                           {product lp64_product} {ergonomic}
     bool UseLargePagesIndividualAllocation        = false                                  {pd product} {ergonomic}
     bool UseParallelGC                            = true                                      {product} {command line}

Logging:
Log output configuration:
 #0: stdout all=off uptime,level,tags foldmultilines=false
 #1: stderr all=off uptime,level,tags foldmultilines=false

Environment Variables:
PATH=C:\Program Files\Common Files\Oracle\Java\javapath;C:\app\david\product\21c\dbhomeXE\bin;C:\WINDOWS\system32;C:\WINDOWS;C:\WINDOWS\System32\Wbem;C:\WINDOWS\System32\WindowsPowerShell\v1.0\;C:\WINDOWS\System32\OpenSSH\;C:\Program Files\Git\cmd;C:\Users\david\AppData\Local\Programs\Python\Python313\Scripts\;C:\Users\david\AppData\Local\Programs\Python\Python313\;C:\Users\david\AppData\Local\Microsoft\WindowsApps;C:\Users\david\AppData\Local\Programs\Microsoft VS Code\bin
USERNAME=david
OS=Windows_NT
PROCESSOR_IDENTIFIER=Intel64 Family 6 Model 126 Stepping 5, GenuineIntel
TMP=C:\Users\david\AppData\Local\Temp
TEMP=C:\Users\david\AppData\Local\Temp




Periodic native trim disabled

---------------  S Y S T E M  ---------------

OS:
 Windows 11 , 64 bit Build 22621 (10.0.22621.5262)
OS uptime: 3 days 17:45 hours

CPU: total 4 (initial active 4) (2 cores per cpu, 2 threads per core) family 6 model 126 stepping 5 microcode 0x86, cx8, cmov, fxsr, ht, mmx, 3dnowpref, sse, sse2, sse3, ssse3, sse4.1, sse4.2, popcnt, lzcnt, tsc, tscinvbit, avx, avx2, aes, erms, clmul, bmi1, bmi2, adx, avx512f, avx512dq, avx512cd, avx512bw, avx512vl, sha, fma, vzeroupper, avx512_vpopcntdq, avx512_vpclmulqdq, avx512_vaes, avx512_vnni, clflush, clflushopt, avx512_vbmi2, avx512_vbmi, rdtscp, rdpid, fsrm, gfni, avx512_bitalg, f16c, pku, avx512_ifma
Processor Information for the first 4 processors :
  Max Mhz: 1190, Current Mhz: 1190, Mhz Limit: 1190

Memory: 4k page, system-wide physical 3891M (121M free)
TotalPageFile size 15667M (AvailPageFile size 2M)
current process WorkingSet (physical memory assigned to process): 294M, peak: 315M
current process commit charge ("private bytes"): 461M, peak: 918M

vm_info: OpenJDK 64-Bit Server VM (21.0.7+6-LTS) for windows-amd64 JRE (21.0.7+6-LTS), built on 2025-04-15T00:00:00Z by "admin" with MS VC++ 17.7 (VS2022)

END.
